<?xml version="1.0" encoding="UTF-8"?>
<!-- Generated by org.testng.reporters.JUnitReportReporter -->
<testsuite skipped="0" hostname="Shashwat" name="com.actitime.tests.VerifytheBuildNumberTest" tests="1" failures="0" timestamp="01 Dec 2018 07:27:37 GMT" time="16.015" errors="0">
  <testcase name="testverifyBuildid" time="16.015" classname="com.actitime.tests.VerifytheBuildNumberTest"/>
</testsuite> <!-- com.actitime.tests.VerifytheBuildNumberTest -->
