<?xml version="1.0" encoding="UTF-8"?>
<!-- Generated by org.testng.reporters.JUnitReportReporter -->
<testsuite skipped="0" hostname="Shashwat" name="com.actitime.tests.VerifyVersionTest" tests="1" failures="0" timestamp="01 Dec 2018 07:27:37 GMT" time="10.685" errors="0">
  <testcase name="testverifyversion" time="10.685" classname="com.actitime.tests.VerifyVersionTest"/>
</testsuite> <!-- com.actitime.tests.VerifyVersionTest -->
