<?xml version="1.0" encoding="UTF-8"?>
<!-- Generated by org.testng.reporters.JUnitReportReporter -->
<testsuite skipped="0" hostname="Shashwat" name="com.actitime.tests.ValidLoginLogoutTest" tests="1" failures="0" timestamp="01 Dec 2018 07:27:37 GMT" time="20.048" errors="0">
  <testcase name="testValidLogin" time="20.048" classname="com.actitime.tests.ValidLoginLogoutTest"/>
</testsuite> <!-- com.actitime.tests.ValidLoginLogoutTest -->
